Jul 24 15:48 : zeroconf: No global port, disabling zeroconf
Jul 24 15:48 : config: option 'device' on line 14 was not recognized
Jul 24 15:48 : client: [0] opened from 127.0.0.1:48362
Jul 24 15:48 : player: played "Childish Gambino - Awaken, My Love! (2016) [V0]/01. Me and Your Mama.mp3"
Jul 24 15:48 : player: played "Childish Gambino - Awaken, My Love! (2016) [V0]/01. Me and Your Mama.mp3"
Jul 24 15:48 : client: [0] closed
Jul 24 15:55 : client: [1] opened from 127.0.0.1:49230
Jul 24 15:56 : client: [1] closed
Jul 24 15:56 : client: [2] opened from 127.0.0.1:49238
Jul 24 15:56 : player: played "Childish Gambino - Awaken, My Love! (2016) [V0]/02. Have Some Love.mp3"
Jul 24 16:03 : client: [2] closed
Jul 24 16:43 : zeroconf: No global port, disabling zeroconf
Jul 24 16:43 : config: option 'device' on line 14 was not recognized
Jul 24 16:44 : client: [0] opened from 127.0.0.1:54892
Jul 24 16:44 : client: [0] closed
Jul 24 20:29 : zeroconf: No global port, disabling zeroconf
Jul 24 20:29 : config: option 'device' on line 14 was not recognized
Jul 24 21:03 : client: [0] opened from 127.0.0.1:48570
Jul 24 21:19 : client: [0] closed
Jul 24 22:12 : zeroconf: No global port, disabling zeroconf
Jul 24 22:12 : config: option 'device' on line 14 was not recognized
Jul 25 15:59 : zeroconf: No global port, disabling zeroconf
Jul 25 15:59 : config: option 'device' on line 14 was not recognized
Jul 25 20:31 : zeroconf: No global port, disabling zeroconf
Jul 25 20:31 : config: option 'device' on line 14 was not recognized
Jul 25 21:49 : client: [0] opened from 127.0.0.1:42636
Jul 25 21:49 : client: [0] closed
Jul 25 22:32 : zeroconf: No global port, disabling zeroconf
Jul 25 22:32 : config: option 'device' on line 14 was not recognized
Jul 25 22:41 : zeroconf: No global port, disabling zeroconf
Jul 25 22:41 : config: option 'device' on line 14 was not recognized
Jul 25 22:44 : zeroconf: No global port, disabling zeroconf
Jul 25 22:44 : config: option 'device' on line 14 was not recognized
Jul 26 08:24 : zeroconf: No global port, disabling zeroconf
Jul 26 08:24 : config: option 'device' on line 14 was not recognized
Jul 26 18:43 : zeroconf: No global port, disabling zeroconf
Jul 26 18:43 : config: option 'device' on line 14 was not recognized
Jul 26 19:42 : zeroconf: No global port, disabling zeroconf
Jul 26 19:42 : config: option 'device' on line 14 was not recognized
Jul 26 23:34 : zeroconf: No global port, disabling zeroconf
Jul 26 23:34 : config: option 'device' on line 14 was not recognized
Jul 26 23:41 : zeroconf: No global port, disabling zeroconf
Jul 26 23:41 : config: option 'device' on line 14 was not recognized
Jul 27 07:41 : zeroconf: No global port, disabling zeroconf
Jul 27 07:41 : config: option 'device' on line 14 was not recognized
Jul 27 11:11 : zeroconf: No global port, disabling zeroconf
Jul 27 11:11 : config: option 'device' on line 14 was not recognized
Jul 27 20:34 : zeroconf: No global port, disabling zeroconf
Jul 27 20:34 : config: option 'device' on line 14 was not recognized
Jul 27 22:48 : zeroconf: No global port, disabling zeroconf
Jul 27 22:48 : config: option 'device' on line 14 was not recognized
Jul 28 01:04 : zeroconf: No global port, disabling zeroconf
Jul 28 01:04 : config: option 'device' on line 14 was not recognized
Jul 28 08:16 : zeroconf: No global port, disabling zeroconf
Jul 28 08:16 : config: option 'device' on line 14 was not recognized
Jul 28 14:51 : zeroconf: No global port, disabling zeroconf
Jul 28 14:51 : config: option 'device' on line 14 was not recognized
Jul 29 14:57 : zeroconf: No global port, disabling zeroconf
Jul 29 14:57 : config: option 'device' on line 14 was not recognized
Jul 29 15:00 : client: [0] opened from 127.0.0.1:47472
Jul 29 15:01 : player: played "Childish Gambino - Awaken, My Love! (2016) [V0]/01. Me and Your Mama.mp3"
Jul 29 15:01 : client: [0] closed
Jul 29 15:03 : client: [1] opened from 127.0.0.1:47474
Jul 29 15:05 : client: [1] closed
Jul 29 15:05 : player: played "Childish Gambino - Awaken, My Love! (2016) [V0]/03. Boogieman.mp3"
Jul 29 15:09 : zeroconf: No global port, disabling zeroconf
Jul 29 15:09 : config: option 'device' on line 14 was not recognized
Jul 29 15:13 : client: [0] opened from 127.0.0.1:58150
Jul 29 15:13 : player: played "Childish Gambino - Awaken, My Love! (2016) [V0]/03. Boogieman.mp3"
Jul 29 15:13 : player: played "Childish Gambino - Awaken, My Love! (2016) [V0]/06. Redbone.mp3"
Jul 29 15:13 : player: played "Childish Gambino - Awaken, My Love! (2016) [V0]/06. Redbone.mp3"
Jul 29 15:13 : player: played "Childish Gambino - Awaken, My Love! (2016) [V0]/06. Redbone.mp3"
Jul 29 15:13 : player: played "Childish Gambino - Awaken, My Love! (2016) [V0]/06. Redbone.mp3"
Jul 29 15:13 : player: played "Childish Gambino - Awaken, My Love! (2016) [V0]/06. Redbone.mp3"
Jul 29 15:13 : player: played "Childish Gambino - Awaken, My Love! (2016) [V0]/06. Redbone.mp3"
Jul 29 15:13 : player: played "Childish Gambino - Awaken, My Love! (2016) [V0]/06. Redbone.mp3"
Jul 29 15:13 : player: played "Childish Gambino - Awaken, My Love! (2016) [V0]/06. Redbone.mp3"
Jul 29 15:13 : player: played "Childish Gambino - Awaken, My Love! (2016) [V0]/06. Redbone.mp3"
Jul 29 15:13 : player: played "Childish Gambino - Awaken, My Love! (2016) [V0]/06. Redbone.mp3"
Jul 29 15:13 : player: played "Childish Gambino - Awaken, My Love! (2016) [V0]/06. Redbone.mp3"
Jul 29 15:13 : player: played "Childish Gambino - Awaken, My Love! (2016) [V0]/06. Redbone.mp3"
Jul 29 15:13 : player: played "Childish Gambino - Awaken, My Love! (2016) [V0]/06. Redbone.mp3"
Jul 29 15:13 : player: played "Childish Gambino - Awaken, My Love! (2016) [V0]/01. Me and Your Mama.mp3"
Jul 29 15:13 : player: played "Childish Gambino - Awaken, My Love! (2016) [V0]/01. Me and Your Mama.mp3"
Jul 29 15:14 : player: played "Childish Gambino - Awaken, My Love! (2016) [V0]/01. Me and Your Mama.mp3"
Jul 29 15:14 : player: played "Childish Gambino - Awaken, My Love! (2016) [V0]/06. Redbone.mp3"
Jul 29 15:14 : player: played "Childish Gambino - Awaken, My Love! (2016) [V0]/06. Redbone.mp3"
Jul 29 15:14 : player: played "Childish Gambino - Awaken, My Love! (2016) [V0]/06. Redbone.mp3"
Jul 29 15:17 : client: [0] closed
Jul 29 15:17 : client: [1] opened from 127.0.0.1:58152
Jul 29 15:17 : client: [1] closed
Jul 29 15:17 : player: played "Childish Gambino - Awaken, My Love! (2016) [V0]/06. Redbone.mp3"
Jul 30 22:52 : zeroconf: No global port, disabling zeroconf
Jul 30 22:52 : config: option 'device' on line 14 was not recognized
Jul 31 01:29 : player: played "Childish Gambino - Awaken, My Love! (2016) [V0]/06. Redbone.mp3"
Jul 31 01:32 : zeroconf: No global port, disabling zeroconf
Jul 31 01:32 : config: option 'device' on line 14 was not recognized
Jul 31 08:49 : zeroconf: No global port, disabling zeroconf
Jul 31 08:49 : config: option 'device' on line 14 was not recognized
Jul 31 15:59 : player: played "Childish Gambino - Awaken, My Love! (2016) [V0]/06. Redbone.mp3"
Jul 31 16:00 : zeroconf: No global port, disabling zeroconf
Jul 31 16:00 : config: option 'device' on line 14 was not recognized
Jul 31 16:19 : player: played "Childish Gambino - Awaken, My Love! (2016) [V0]/06. Redbone.mp3"
Jul 31 16:19 : zeroconf: No global port, disabling zeroconf
Jul 31 16:19 : config: option 'device' on line 14 was not recognized
Jul 31 16:22 : client: [0] opened from 127.0.0.1:58454
Jul 31 16:22 : player: played "Childish Gambino - Awaken, My Love! (2016) [V0]/06. Redbone.mp3"
Jul 31 16:22 : player: played "Childish Gambino - Awaken, My Love! (2016) [V0]/06. Redbone.mp3"
Jul 31 16:22 : player: played "Childish Gambino - Awaken, My Love! (2016) [V0]/06. Redbone.mp3"
Jul 31 16:22 : client: [0] closed
Aug 01 00:54 : zeroconf: No global port, disabling zeroconf
Aug 01 00:54 : config: option 'device' on line 14 was not recognized
Aug 01 09:17 : zeroconf: No global port, disabling zeroconf
Aug 01 09:17 : config: option 'device' on line 14 was not recognized
Aug 01 16:46 : zeroconf: No global port, disabling zeroconf
Aug 01 16:46 : config: option 'device' on line 14 was not recognized
Aug 01 16:53 : client: [0] opened from local
Aug 01 16:53 : client: [0] closed
Aug 01 17:38 : client: [1] opened from 127.0.0.1:41816
Aug 01 17:39 : player: played "Childish Gambino - Awaken, My Love! (2016) [V0]/01. Me and Your Mama.mp3"
Aug 01 17:41 : client: [1] closed
